<?xml version="1.0" encoding="UTF-8"?>
<testsuite xmlns:xsi="http://www.w3.org/2001/XMLSchema-instance" xsi:noNamespaceSchemaLocation="https://maven.apache.org/surefire/maven-surefire-plugin/xsd/surefire-test-report.xsd" name="ut.com.atlassian.tutorial.myPlugin.MyComponentUnitTest" time="0.036" tests="1" errors="0" skipped="0" failures="0">
  <properties>
    <property name="java.specification.version" value="15"/>
    <property name="sun.jnu.encoding" value="UTF-8"/>
    <property name="java.class.path" value="/Users/alexandru.burca/Desktop/bitbucketplugin/target/test-classes:/Users/alexandru.burca/Desktop/bitbucketplugin/target/classes:/Users/alexandru.burca/.m2/repository/com/atlassian/bitbucket/server/bitbucket-api/5.16.0/bitbucket-api-5.16.0.jar:/Users/alexandru.burca/.m2/repository/com/atlassian/analytics/analytics-api/5.4.7/analytics-api-5.4.7.jar:/Users/alexandru.burca/.m2/repository/com/atlassian/annotations/atlassian-annotations/2.1.0/atlassian-annotations-2.1.0.jar:/Users/alexandru.burca/.m2/repository/com/atlassian/crowd/embedded-crowd-api/2.12.1/embedded-crowd-api-2.12.1.jar:/Users/alexandru.burca/.m2/repository/com/atlassian/event/atlassian-event/3.1.5/atlassian-event-3.1.5.jar:/Users/alexandru.burca/.m2/repository/com/atlassian/extras/atlassian-extras-api/3.3.0/atlassian-extras-api-3.3.0.jar:/Users/alexandru.burca/.m2/repository/com/atlassian/utils/atlassian-processutils/1.8.1/atlassian-processutils-1.8.1.jar:/Users/alexandru.burca/.m2/repository/org/jvnet/winp/winp/1.25/winp-1.25.jar:/Users/alexandru.burca/.m2/repository/com/google/code/findbugs/jsr305/3.0.0/jsr305-3.0.0.jar:/Users/alexandru.burca/.m2/repository/com/google/guava/guava/18.0/guava-18.0.jar:/Users/alexandru.burca/.m2/repository/org/hibernate/hibernate-validator/5.4.1.Final/hibernate-validator-5.4.1.Final.jar:/Users/alexandru.burca/.m2/repository/javax/validation/validation-api/1.1.0.Final/validation-api-1.1.0.Final.jar:/Users/alexandru.burca/.m2/repository/org/jboss/logging/jboss-logging/3.3.1.Final/jboss-logging-3.3.1.Final.jar:/Users/alexandru.burca/.m2/repository/com/fasterxml/classmate/1.3.1/classmate-1.3.1.jar:/Users/alexandru.burca/.m2/repository/org/slf4j/slf4j-api/1.7.25/slf4j-api-1.7.25.jar:/Users/alexandru.burca/.m2/repository/com/atlassian/bitbucket/server/bitbucket-spi/5.16.0/bitbucket-spi-5.16.0.jar:/Users/alexandru.burca/.m2/repository/com/atlassian/plugins/atlassian-plugins-core/4.5.0/atlassian-plugins-core-4.5.0.jar:/Users/alexandru.burca/.m2/repository/com/atlassian/plugins/atlassian-plugins-api/4.5.0/atlassian-plugins-api-4.5.0.jar:/Users/alexandru.burca/.m2/repository/com/atlassian/util/concurrent/atlassian-util-concurrent/3.0.0/atlassian-util-concurrent-3.0.0.jar:/Users/alexandru.burca/.m2/repository/commons-lang/commons-lang/2.6/commons-lang-2.6.jar:/Users/alexandru.burca/.m2/repository/commons-collections/commons-collections/3.2.2/commons-collections-3.2.2.jar:/Users/alexandru.burca/.m2/repository/dom4j/dom4j/1.6.1/dom4j-1.6.1.jar:/Users/alexandru.burca/.m2/repository/com/atlassian/fugue/fugue/2.6.1/fugue-2.6.1.jar:/Users/alexandru.burca/.m2/repository/com/atlassian/profiling/atlassian-profiling/2.0/atlassian-profiling-2.0.jar:/Users/alexandru.burca/.m2/repository/com/atlassian/plugins/atlassian-plugins-osgi-javaconfig/0.2.0/atlassian-plugins-osgi-javaconfig-0.2.0.jar:/Users/alexandru.burca/.m2/repository/org/apache/felix/org.apache.felix.framework/4.0.0/org.apache.felix.framework-4.0.0.jar:/Users/alexandru.burca/.m2/repository/org/springframework/spring-beans/4.2.5.RELEASE/spring-beans-4.2.5.RELEASE.jar:/Users/alexandru.burca/.m2/repository/org/springframework/spring-core/4.3.20.RELEASE/spring-core-4.3.20.RELEASE.jar:/Users/alexandru.burca/.m2/repository/org/springframework/spring-context/4.2.5.RELEASE/spring-context-4.2.5.RELEASE.jar:/Users/alexandru.burca/.m2/repository/org/springframework/spring-aop/4.3.20.RELEASE/spring-aop-4.3.20.RELEASE.jar:/Users/alexandru.burca/.m2/repository/org/springframework/spring-expression/4.3.20.RELEASE/spring-expression-4.3.20.RELEASE.jar:/Users/alexandru.burca/.m2/repository/com/atlassian/sal/sal-api/3.2.0-abbce37/sal-api-3.2.0-abbce37.jar:/Users/alexandru.burca/.m2/repository/com/google/code/gson/gson/2.8.0/gson-2.8.0.jar:/Users/alexandru.burca/.m2/repository/javax/servlet/javax.servlet-api/3.1.0/javax.servlet-api-3.1.0.jar:/Users/alexandru.burca/.m2/repository/javax/ws/rs/jsr311-api/1.1.1/jsr311-api-1.1.1.jar:/Users/alexandru.burca/.m2/repository/org/apache/commons/commons-lang3/3.6/commons-lang3-3.6.jar:/Users/alexandru.burca/.m2/repository/com/atlassian/plugins/atlassian-plugins-osgi-testrunner/2.0.1/atlassian-plugins-osgi-testrunner-2.0.1.jar:/Users/alexandru.burca/.m2/repository/org/apache/wink/wink-client/1.1.3-incubating/wink-client-1.1.3-incubating.jar:/Users/alexandru.burca/.m2/repository/org/apache/wink/wink-common/1.1.3-incubating/wink-common-1.1.3-incubating.jar:/Users/alexandru.burca/.m2/repository/org/apache/geronimo/specs/geronimo-annotation_1.1_spec/1.0/geronimo-annotation_1.1_spec-1.0.jar:/Users/alexandru.burca/.m2/repository/javax/xml/bind/jaxb-api/2.2/jaxb-api-2.2.jar:/Users/alexandru.burca/.m2/repository/javax/xml/stream/stax-api/1.0-2/stax-api-1.0-2.jar:/Users/alexandru.burca/.m2/repository/com/sun/xml/bind/jaxb-impl/2.2.11/jaxb-impl-2.2.11.jar:/Users/alexandru.burca/.m2/repository/javax/activation/activation/1.1.1/activation-1.1.1.jar:/Users/alexandru.burca/.m2/repository/commons-io/commons-io/2.5/commons-io-2.5.jar:/Users/alexandru.burca/.m2/repository/com/atlassian/upm/upm-api/2.15/upm-api-2.15.jar:/Users/alexandru.burca/.m2/repository/junit/junit/4.12/junit-4.12.jar:/Users/alexandru.burca/.m2/repository/org/hamcrest/hamcrest-core/1.3/hamcrest-core-1.3.jar:"/>
    <property name="java.vm.vendor" value="Oracle Corporation"/>
    <property name="sun.arch.data.model" value="64"/>
    <property name="java.vendor.url" value="https://java.oracle.com/"/>
    <property name="os.name" value="Mac OS X"/>
    <property name="java.vm.specification.version" value="15"/>
    <property name="sun.java.launcher" value="SUN_STANDARD"/>
    <property name="user.country" value="RO"/>
    <property name="sun.boot.library.path" value="/Library/Java/JavaVirtualMachines/jdk-15.0.1.jdk/Contents/Home/lib"/>
    <property name="sun.java.command" value="/Users/alexandru.burca/Desktop/bitbucketplugin/target/surefire/surefirebooter15218311318194947640.jar /Users/alexandru.burca/Desktop/bitbucketplugin/target/surefire 2021-04-05T15-15-52_854-jvmRun1 surefire9580933425325572607tmp surefire_012135242140013561668tmp"/>
    <property name="http.nonProxyHosts" value="local|*.local|169.254/16|*.169.254/16"/>
    <property name="jdk.debug" value="release"/>
    <property name="surefire.test.class.path" value="/Users/alexandru.burca/Desktop/bitbucketplugin/target/test-classes:/Users/alexandru.burca/Desktop/bitbucketplugin/target/classes:/Users/alexandru.burca/.m2/repository/com/atlassian/bitbucket/server/bitbucket-api/5.16.0/bitbucket-api-5.16.0.jar:/Users/alexandru.burca/.m2/repository/com/atlassian/analytics/analytics-api/5.4.7/analytics-api-5.4.7.jar:/Users/alexandru.burca/.m2/repository/com/atlassian/annotations/atlassian-annotations/2.1.0/atlassian-annotations-2.1.0.jar:/Users/alexandru.burca/.m2/repository/com/atlassian/crowd/embedded-crowd-api/2.12.1/embedded-crowd-api-2.12.1.jar:/Users/alexandru.burca/.m2/repository/com/atlassian/event/atlassian-event/3.1.5/atlassian-event-3.1.5.jar:/Users/alexandru.burca/.m2/repository/com/atlassian/extras/atlassian-extras-api/3.3.0/atlassian-extras-api-3.3.0.jar:/Users/alexandru.burca/.m2/repository/com/atlassian/utils/atlassian-processutils/1.8.1/atlassian-processutils-1.8.1.jar:/Users/alexandru.burca/.m2/repository/org/jvnet/winp/winp/1.25/winp-1.25.jar:/Users/alexandru.burca/.m2/repository/com/google/code/findbugs/jsr305/3.0.0/jsr305-3.0.0.jar:/Users/alexandru.burca/.m2/repository/com/google/guava/guava/18.0/guava-18.0.jar:/Users/alexandru.burca/.m2/repository/org/hibernate/hibernate-validator/5.4.1.Final/hibernate-validator-5.4.1.Final.jar:/Users/alexandru.burca/.m2/repository/javax/validation/validation-api/1.1.0.Final/validation-api-1.1.0.Final.jar:/Users/alexandru.burca/.m2/repository/org/jboss/logging/jboss-logging/3.3.1.Final/jboss-logging-3.3.1.Final.jar:/Users/alexandru.burca/.m2/repository/com/fasterxml/classmate/1.3.1/classmate-1.3.1.jar:/Users/alexandru.burca/.m2/repository/org/slf4j/slf4j-api/1.7.25/slf4j-api-1.7.25.jar:/Users/alexandru.burca/.m2/repository/com/atlassian/bitbucket/server/bitbucket-spi/5.16.0/bitbucket-spi-5.16.0.jar:/Users/alexandru.burca/.m2/repository/com/atlassian/plugins/atlassian-plugins-core/4.5.0/atlassian-plugins-core-4.5.0.jar:/Users/alexandru.burca/.m2/repository/com/atlassian/plugins/atlassian-plugins-api/4.5.0/atlassian-plugins-api-4.5.0.jar:/Users/alexandru.burca/.m2/repository/com/atlassian/util/concurrent/atlassian-util-concurrent/3.0.0/atlassian-util-concurrent-3.0.0.jar:/Users/alexandru.burca/.m2/repository/commons-lang/commons-lang/2.6/commons-lang-2.6.jar:/Users/alexandru.burca/.m2/repository/commons-collections/commons-collections/3.2.2/commons-collections-3.2.2.jar:/Users/alexandru.burca/.m2/repository/dom4j/dom4j/1.6.1/dom4j-1.6.1.jar:/Users/alexandru.burca/.m2/repository/com/atlassian/fugue/fugue/2.6.1/fugue-2.6.1.jar:/Users/alexandru.burca/.m2/repository/com/atlassian/profiling/atlassian-profiling/2.0/atlassian-profiling-2.0.jar:/Users/alexandru.burca/.m2/repository/com/atlassian/plugins/atlassian-plugins-osgi-javaconfig/0.2.0/atlassian-plugins-osgi-javaconfig-0.2.0.jar:/Users/alexandru.burca/.m2/repository/org/apache/felix/org.apache.felix.framework/4.0.0/org.apache.felix.framework-4.0.0.jar:/Users/alexandru.burca/.m2/repository/org/springframework/spring-beans/4.2.5.RELEASE/spring-beans-4.2.5.RELEASE.jar:/Users/alexandru.burca/.m2/repository/org/springframework/spring-core/4.3.20.RELEASE/spring-core-4.3.20.RELEASE.jar:/Users/alexandru.burca/.m2/repository/org/springframework/spring-context/4.2.5.RELEASE/spring-context-4.2.5.RELEASE.jar:/Users/alexandru.burca/.m2/repository/org/springframework/spring-aop/4.3.20.RELEASE/spring-aop-4.3.20.RELEASE.jar:/Users/alexandru.burca/.m2/repository/org/springframework/spring-expression/4.3.20.RELEASE/spring-expression-4.3.20.RELEASE.jar:/Users/alexandru.burca/.m2/repository/com/atlassian/sal/sal-api/3.2.0-abbce37/sal-api-3.2.0-abbce37.jar:/Users/alexandru.burca/.m2/repository/com/google/code/gson/gson/2.8.0/gson-2.8.0.jar:/Users/alexandru.burca/.m2/repository/javax/servlet/javax.servlet-api/3.1.0/javax.servlet-api-3.1.0.jar:/Users/alexandru.burca/.m2/repository/javax/ws/rs/jsr311-api/1.1.1/jsr311-api-1.1.1.jar:/Users/alexandru.burca/.m2/repository/org/apache/commons/commons-lang3/3.6/commons-lang3-3.6.jar:/Users/alexandru.burca/.m2/repository/com/atlassian/plugins/atlassian-plugins-osgi-testrunner/2.0.1/atlassian-plugins-osgi-testrunner-2.0.1.jar:/Users/alexandru.burca/.m2/repository/org/apache/wink/wink-client/1.1.3-incubating/wink-client-1.1.3-incubating.jar:/Users/alexandru.burca/.m2/repository/org/apache/wink/wink-common/1.1.3-incubating/wink-common-1.1.3-incubating.jar:/Users/alexandru.burca/.m2/repository/org/apache/geronimo/specs/geronimo-annotation_1.1_spec/1.0/geronimo-annotation_1.1_spec-1.0.jar:/Users/alexandru.burca/.m2/repository/javax/xml/bind/jaxb-api/2.2/jaxb-api-2.2.jar:/Users/alexandru.burca/.m2/repository/javax/xml/stream/stax-api/1.0-2/stax-api-1.0-2.jar:/Users/alexandru.burca/.m2/repository/com/sun/xml/bind/jaxb-impl/2.2.11/jaxb-impl-2.2.11.jar:/Users/alexandru.burca/.m2/repository/javax/activation/activation/1.1.1/activation-1.1.1.jar:/Users/alexandru.burca/.m2/repository/commons-io/commons-io/2.5/commons-io-2.5.jar:/Users/alexandru.burca/.m2/repository/com/atlassian/upm/upm-api/2.15/upm-api-2.15.jar:/Users/alexandru.burca/.m2/repository/junit/junit/4.12/junit-4.12.jar:/Users/alexandru.burca/.m2/repository/org/hamcrest/hamcrest-core/1.3/hamcrest-core-1.3.jar:"/>
    <property name="sun.cpu.endian" value="little"/>
    <property name="user.home" value="/Users/alexandru.burca"/>
    <property name="user.language" value="en"/>
    <property name="java.specification.vendor" value="Oracle Corporation"/>
    <property name="java.version.date" value="2020-10-20"/>
    <property name="java.home" value="/Library/Java/JavaVirtualMachines/jdk-15.0.1.jdk/Contents/Home"/>
    <property name="file.separator" value="/"/>
    <property name="basedir" value="/Users/alexandru.burca/Desktop/bitbucketplugin"/>
    <property name="java.vm.compressedOopsMode" value="Zero based"/>
    <property name="line.separator" value="&#10;"/>
    <property name="java.specification.name" value="Java Platform API Specification"/>
    <property name="java.vm.specification.vendor" value="Oracle Corporation"/>
    <property name="surefire.real.class.path" value="/Users/alexandru.burca/Desktop/bitbucketplugin/target/surefire/surefirebooter15218311318194947640.jar"/>
    <property name="sun.management.compiler" value="HotSpot 64-Bit Tiered Compilers"/>
    <property name="ftp.nonProxyHosts" value="local|*.local|169.254/16|*.169.254/16"/>
    <property name="java.runtime.version" value="15.0.1+9-18"/>
    <property name="user.name" value="alexandru.burca"/>
    <property name="path.separator" value=":"/>
    <property name="os.version" value="10.15.7"/>
    <property name="java.runtime.name" value="Java(TM) SE Runtime Environment"/>
    <property name="file.encoding" value="UTF-8"/>
    <property name="java.vm.name" value="Java HotSpot(TM) 64-Bit Server VM"/>
    <property name="localRepository" value="/Users/alexandru.burca/.m2/repository"/>
    <property name="java.vendor.url.bug" value="https://bugreport.java.com/bugreport/"/>
    <property name="java.io.tmpdir" value="/var/folders/3_/dh6m_stn27l6mxz36d3hcgxr0000gp/T/"/>
    <property name="java.version" value="15.0.1"/>
    <property name="user.dir" value="/Users/alexandru.burca/Desktop/bitbucketplugin"/>
    <property name="os.arch" value="x86_64"/>
    <property name="java.vm.specification.name" value="Java Virtual Machine Specification"/>
    <property name="java.library.path" value="/Users/alexandru.burca/Library/Java/Extensions:/Library/Java/Extensions:/Network/Library/Java/Extensions:/System/Library/Java/Extensions:/usr/lib/java:."/>
    <property name="java.vm.info" value="mixed mode, sharing"/>
    <property name="java.vendor" value="Oracle Corporation"/>
    <property name="java.vm.version" value="15.0.1+9-18"/>
    <property name="sun.io.unicode.encoding" value="UnicodeBig"/>
    <property name="socksNonProxyHosts" value="local|*.local|169.254/16|*.169.254/16"/>
    <property name="java.class.version" value="59.0"/>
  </properties>
  <testcase name="testMyName" classname="ut.com.atlassian.tutorial.myPlugin.MyComponentUnitTest" time="0.001"/>
</testsuite>